Project Part 2
Date	Version	Description	Authors
02/27/25	1.0	Document creation, role assignment, and initial division of document sections.	Fatima Avila, Siddh Bharucha, Bhavik Goplani, Vy Luu, Suhaan Syed, Alexis Vielma
03/02/25	1.1	Document finalization and revision of requirements and written sections.	Fatima Avila, Siddh Bharucha, Bhavik Goplani, Vy Luu, Suhaan Syed, Alexis Vielma
Project Part 3
Date	Version	Description	Authors
02/07/25	1.0	Document creation, role assignment, and initial division of document sections.	Fatima Avila, Siddh Bharucha, Bhavik Goplani, Vy Luu, Suhaan Syed, Alexis Vielma
02/07/25	1.2	Brainstorming, ER Diagram creation	Fatima Avila, Siddh Bharucha, Bhavik Goplani, Vy Luu, Suhaan Syed, Alexis Vielma
03/16/25	1.1	Document finalization and revision of modeling and written sections.	Fatima Avila, Siddh Bharucha, Bhavik Goplani, Vy Luu, Suhaan Syed, Alexis Vielma
Project Part 4
Date	Version	Description	Authors
02/07/25	1.0	Document creation, role assignment, and initial division of document sections.	Fatima Avila, Siddh Bharucha, Bhavik Goplani, Vy Luu, Suhaan Syed, Alexis Vielma
02/07/25	1.2	Brainstorming, ER Diagram creation	Fatima Avila, Siddh Bharucha, Bhavik Goplani, Vy Luu, Suhaan Syed, Alexis Vielma
03/16/25	1.3	Document finalization and revision of modeling and written sections.	Fatima Avila, Siddh Bharucha, Bhavik Goplani, Vy Luu, Suhaan Syed, Alexis Vielma
04/04/25	1.4	Initial draft and schema mapping completed	Fatima Avila, Siddh Bharucha, Bhavik Goplani, Vy Luu, Suhaan Syed, Alexis Vielma
Project Part 5
Date	Version	Description	Authors
04/05/25	1.0	Document creation, role assignment, and initial division of document sections.	Fatima Avila, Siddh Bharucha, Bhavik Goplani, Vy Luu, Suhaan Syed, Alexis Vielma
04/09/25	1.2	Brainstorming, Supabase Creation	Fatima Avila, Siddh Bharucha, Bhavik Goplani, Vy Luu, Suhaan Syed, Alexis Vielma
04/18/25	1.3	Document finalization and database creation and sql coding.	Fatima Avila, Siddh Bharucha, Bhavik Goplani, Vy Luu, Suhaan Syed, Alexis Vielma
04/26/25	1.4	Initial draft and database output verification	Fatima Avila, Siddh Bharucha, Bhavik Goplani, Vy Luu, Suhaan Syed, Alexis Vielma
Project Part 6
Date	Version	Description	Authors
04/26/25	1.0	Document creation, role assignment, and initial division of document sections.	Fatima Avila, Siddh Bharucha, Bhavik Goplani, Vy Luu, Suhaan Syed, Alexis Vielma
04/27/25	1.2	SQL Query Brainstorming & Creation	Fatima Avila, Siddh Bharucha, Bhavik Goplani, Vy Luu, Suhaan Syed, Alexis Vielma
04/30/25	1.3	SQL Query Finalization & Testing	Fatima Avila, Siddh Bharucha, Bhavik Goplani, Vy Luu, Suhaan Syed, Alexis Vielma
05/01/25	1.4	Documentation Finalization, Revisions, and Formatting	Fatima Avila, Siddh Bharucha, Bhavik Goplani, Vy Luu, Suhaan Syed, Alexis Vielma
05/04/25	1.4	Final Revisions and Formatting	Fatima Avila, Siddh Bharucha, Bhavik Goplani, Vy Luu, Suhaan Syed, Alexis Vielma